<?xml version="1.0" encoding="UTF-8"?>
<!-- Generated by org.testng.reporters.JUnitReportReporter -->
<testsuite skipped="0" hostname="LAPTOP-G4DADQP3" name="com.qa.tests.sampleTest" tests="4" failures="0" timestamp="28 Jan 2019 04:47:08 GMT" time="0.016" errors="0">
  <testcase name="sum" time="0.000" classname="com.qa.tests.sampleTest"/>
  <testcase name="sub" time="0.000" classname="com.qa.tests.sampleTest"/>
  <testcase name="div" time="0.016" classname="com.qa.tests.sampleTest"/>
  <testcase name="mul" time="0.000" classname="com.qa.tests.sampleTest"/>
</testsuite> <!-- com.qa.tests.sampleTest -->
