<?xml version="1.0" encoding="UTF-8"?>
<!-- Generated by org.testng.reporters.JUnitReportReporter -->
<testsuite skipped="0" hostname="LAPTOP-G4DADQP3" name="com.qa.tests.sampleTest1" tests="4" failures="0" timestamp="28 Jan 2019 04:51:31 GMT" time="0.004" errors="0">
  <testcase name="div" time="0.004" classname="com.qa.tests.sampleTest1"/>
  <testcase name="mul" time="0.000" classname="com.qa.tests.sampleTest1"/>
  <testcase name="sum" time="0.000" classname="com.qa.tests.sampleTest1"/>
  <testcase name="sub" time="0.000" classname="com.qa.tests.sampleTest1"/>
</testsuite> <!-- com.qa.tests.sampleTest1 -->
